<?xml version="1.0" encoding="UTF-8"?>
<testng-results ignored="0" total="2" passed="2" failed="0" skipped="0">
  <reporter-output>
  </reporter-output>
  <suite started-at="2022-08-02T08:36:17 IST" name="Suite" finished-at="2022-08-02T08:36:22 IST" duration-ms="4636">
    <groups>
    </groups>
    <test started-at="2022-08-02T08:36:17 IST" name="Test" finished-at="2022-08-02T08:36:22 IST" duration-ms="4636">
      <class name="tests.LoginTest">
        <test-method is-config="true" signature="init()[pri:0, instance:tests.LoginTest@7ef82753]" started-at="2022-08-02T08:36:10 IST" name="init" finished-at="2022-08-02T08:36:17 IST" duration-ms="7580" status="PASS">
          <reporter-output>
          </reporter-output>
        </test-method> <!-- init -->
        <test-method is-config="true" signature="initObject()[pri:0, instance:tests.LoginTest@7ef82753]" started-at="2022-08-02T08:36:17 IST" name="initObject" finished-at="2022-08-02T08:36:17 IST" duration-ms="73" status="PASS">
          <reporter-output>
          </reporter-output>
        </test-method> <!-- initObject -->
        <test-method signature="verifybuttontext()[pri:1, instance:tests.LoginTest@7ef82753]" started-at="2022-08-02T08:36:17 IST" name="verifybuttontext" finished-at="2022-08-02T08:36:17 IST" duration-ms="75" status="PASS">
          <reporter-output>
          </reporter-output>
        </test-method> <!-- verifybuttontext -->
        <test-method signature="login()[pri:2, instance:tests.LoginTest@7ef82753]" started-at="2022-08-02T08:36:17 IST" name="login" finished-at="2022-08-02T08:36:22 IST" duration-ms="4414" status="PASS">
          <reporter-output>
          </reporter-output>
        </test-method> <!-- login -->
        <test-method is-config="true" signature="tearDown()[pri:0, instance:tests.LoginTest@7ef82753]" started-at="2022-08-02T08:36:22 IST" name="tearDown" finished-at="2022-08-02T08:36:22 IST" duration-ms="166" status="PASS">
          <reporter-output>
          </reporter-output>
        </test-method> <!-- tearDown -->
      </class> <!-- tests.LoginTest -->
    </test> <!-- Test -->
  </suite> <!-- Suite -->
</testng-results>
